#
# There is insufficient memory for the Java Runtime Environment to continue.
# Native memory allocation (malloc) failed to allocate 1078576 bytes for Chunk::new
# Possible reasons:
#   The system is out of physical RAM or swap space
#   The process is running with CompressedOops enabled, and the Java Heap may be blocking the growth of the native heap
# Possible solutions:
#   Reduce memory load on the system
#   Increase physical memory or swap space
#   Check if swap backing store is full
#   Decrease Java heap size (-Xmx/-Xms)
#   Decrease number of Java threads
#   Decrease Java thread stack sizes (-Xss)
#   Set larger code cache with -XX:ReservedCodeCacheSize=
#   JVM is running with Unscaled Compressed Oops mode in which the Java heap is
#     placed in the first 4GB address space. The Java Heap base address is the
#     maximum limit for the native heap growth. Please use -XX:HeapBaseMinAddress
#     to set the Java Heap base and to place the Java Heap above 4GB virtual address.
# This output file may be truncated or incomplete.
#
#  Out of Memory Error (allocation.cpp:389), pid=29192, tid=0x0000000000006770
#
# JRE version: Java(TM) SE Runtime Environment (8.0_251-b08) (build 1.8.0_251-b08)
# Java VM: Java HotSpot(TM) 64-Bit Server VM (25.251-b08 mixed mode windows-amd64 compressed oops)
# Failed to write core dump. Minidumps are not enabled by default on client versions of Windows
#

---------------  T H R E A D  ---------------

Current thread (0x00000000194af800):  JavaThread "C2 CompilerThread0" daemon [_thread_in_native, id=26480, stack(0x0000000019d70000,0x0000000019e70000)]

Stack: [0x0000000019d70000,0x0000000019e70000]
[error occurred during error reporting (printing stack bounds), id 0xc0000005]

Native frames: (J=compiled Java code, j=interpreted, Vv=VM code, C=native code)


Current CompileTask:
C2:   2338 1741       4       java.net.URLClassLoader$1::run (5 bytes)


---------------  P R O C E S S  ---------------

Java Threads: ( => current thread )
  0x0000000019852800 JavaThread "background-preinit" [_thread_in_vm, id=14852, stack(0x000000001c480000,0x000000001c580000)]
  0x00000000196a4000 JavaThread "surefire-forkedjvm-ping-30s" daemon [_thread_blocked, id=16464, stack(0x000000001a470000,0x000000001a570000)]
  0x0000000019613000 JavaThread "surefire-forkedjvm-command-thread" daemon [_thread_in_native, id=28792, stack(0x000000001a370000,0x000000001a470000)]
  0x000000001953c800 JavaThread "Service Thread" daemon [_thread_blocked, id=27244, stack(0x000000001a170000,0x000000001a270000)]
  0x00000000194be800 JavaThread "C1 CompilerThread3" daemon [_thread_in_native, id=29628, stack(0x000000001a070000,0x000000001a170000)]
  0x00000000194b7800 JavaThread "C2 CompilerThread2" daemon [_thread_in_native, id=18100, stack(0x0000000019f70000,0x000000001a070000)]
  0x00000000194b3800 JavaThread "C2 CompilerThread1" daemon [_thread_blocked, id=29356, stack(0x0000000019e70000,0x0000000019f70000)]
=>0x00000000194af800 JavaThread "C2 CompilerThread0" daemon [_thread_in_native, id=26480, stack(0x0000000019d70000,0x0000000019e70000)]
  0x00000000194a9800 JavaThread "Attach Listener" daemon [_thread_blocked, id=23048, stack(0x0000000019c70000,0x0000000019d70000)]
  0x00000000194a8800 JavaThread "Signal Dispatcher" daemon [_thread_blocked, id=3804, stack(0x0000000019b70000,0x0000000019c70000)]
  0x00000000194a1000 JavaThread "Finalizer" daemon [_thread_blocked, id=14132, stack(0x0000000019980000,0x0000000019a80000)]
  0x00000000194a0800 JavaThread "Reference Handler" daemon [_thread_blocked, id=24460, stack(0x0000000019880000,0x0000000019980000)]
  0x0000000002642800 JavaThread "main" [_thread_in_vm, id=18772, stack(0x00000000024f0000,0x00000000025f0000)]

Other Threads:
  0x00000000176a9000 VMThread [stack: 0x0000000019380000,0x0000000019480000] [id=28856]
  0x000000001956f000 WatcherThread [stack: 0x000000001a270000,0x000000001a370000] [id=10436]

VM state:not at safepoint (normal execution)

VM Mutex/Monitor currently owned by a thread:  ([mutex/lock_event])
[0x000000000263ca20] CodeCache_lock - owner thread: 0x00000000194be800
[0x0000000002640bd0] Compile_lock - owner thread: 0x00000000194be800
[0x0000000002641150] MethodCompileQueue_lock - owner thread: 0x00000000194be800

heap address: 0x0000000081e00000, size: 2018 MB, Compressed Oops mode: 32-bit
Narrow klass base: 0x0000000000000000, Narrow klass shift: 3
Compressed class space size: 1073741824 Address: 0x0000000100000000

Heap:
 PSYoungGen      total 71680K, used 41361K [0x00000000d5f80000, 0x00000000daa80000, 0x0000000100000000)
  eden space 66560K, 62% used [0x00000000d5f80000,0x00000000d87e4680,0x00000000da080000)
  from space 5120K, 0% used [0x00000000da580000,0x00000000da580000,0x00000000daa80000)
  to   space 5120K, 0% used [0x00000000da080000,0x00000000da080000,0x00000000da580000)
 ParOldGen       total 56320K, used 6515K [0x0000000081e00000, 0x0000000085500000, 0x00000000d5f80000)
  object space 56320K, 11% used [0x0000000081e00000,0x000000008245cd80,0x0000000085500000)
 Metaspace       used 24216K, capacity 25558K, committed 25856K, reserved 1071104K
  class space    used 3221K, capacity 3510K, committed 3584K, reserved 1048576K

Card table byte_map: [0x0000000011b00000,0x0000000011f00000] byte_map_base: 0x00000000116f1000

Marking Bits: (ParMarkBitMap*) 0x00000000664faf90
 Begin Bits: [0x00000000129b0000, 0x0000000014938000)
 End Bits:   [0x0000000014938000, 0x00000000168c0000)

Polling page: 0x0000000000b30000

CodeCache: size=245760Kb used=6097Kb max_used=6097Kb free=239662Kb
 bounds [0x0000000002740000, 0x0000000002d40000, 0x0000000011740000]
 total_blobs=2242 nmethods=1859 adapters=295
 compilation: enabled

Compilation events (10 events):
Event: 2.322 Thread 0x00000000194be800 nmethod 1856 0x0000000002d28410 code [0x0000000002d285c0, 0x0000000002d28ac8]
Event: 2.322 Thread 0x00000000194be800 1857       3       org.springframework.core.io.AbstractFileResolvingResource::<init> (5 bytes)
Event: 2.323 Thread 0x00000000194be800 nmethod 1857 0x0000000002d28c50 code [0x0000000002d28dc0, 0x0000000002d28fd0]
Event: 2.328 Thread 0x00000000194be800 1858       3       org.springframework.asm.Type::getTypeInternal (199 bytes)
Event: 2.328 Thread 0x00000000194b3800 1860       4       org.springframework.asm.ClassReader::readInt (52 bytes)
Event: 2.329 Thread 0x00000000194be800 nmethod 1858 0x0000000002d290d0 code [0x0000000002d292c0, 0x0000000002d29c18]
Event: 2.329 Thread 0x00000000194be800 1861       3       org.springframework.asm.ClassReader::readElementValues (88 bytes)
Event: 2.329 Thread 0x00000000194b3800 nmethod 1860 0x0000000002d2cd50 code [0x0000000002d2ce80, 0x0000000002d2cf78]
Event: 2.330 Thread 0x00000000194be800 nmethod 1861 0x0000000002d2bdd0 code [0x0000000002d2bfc0, 0x0000000002d2c7f8]
Event: 2.330 Thread 0x00000000194be800 1862       3       org.springframework.asm.ClassReader::readMethod (1055 bytes)

GC Heap History (10 events):
Event: 0.889 GC heap before
{Heap before GC invocations=1 (full 0):
 PSYoungGen      total 38400K, used 33280K [0x00000000d5f80000, 0x00000000d8a00000, 0x0000000100000000)
  eden space 33280K, 100% used [0x00000000d5f80000,0x00000000d8000000,0x00000000d8000000)
  from space 5120K, 0% used [0x00000000d8500000,0x00000000d8500000,0x00000000d8a00000)
  to   space 5120K, 0% used [0x00000000d8000000,0x00000000d8000000,0x00000000d8500000)
 ParOldGen       total 87552K, used 0K [0x0000000081e00000, 0x0000000087380000, 0x00000000d5f80000)
  object space 87552K, 0% used [0x0000000081e00000,0x0000000081e00000,0x0000000087380000)
 Metaspace       used 10261K, capacity 10998K, committed 11264K, reserved 1058816K
  class space    used 1291K, capacity 1476K, committed 1536K, reserved 1048576K
Event: 0.895 GC heap after
Heap after GC invocations=1 (full 0):
 PSYoungGen      total 38400K, used 5000K [0x00000000d5f80000, 0x00000000d8a00000, 0x0000000100000000)
  eden space 33280K, 0% used [0x00000000d5f80000,0x00000000d5f80000,0x00000000d8000000)
  from space 5120K, 97% used [0x00000000d8000000,0x00000000d84e21a0,0x00000000d8500000)
  to   space 5120K, 0% used [0x00000000d8500000,0x00000000d8500000,0x00000000d8a00000)
 ParOldGen       total 87552K, used 16K [0x0000000081e00000, 0x0000000087380000, 0x00000000d5f80000)
  object space 87552K, 0% used [0x0000000081e00000,0x0000000081e04000,0x0000000087380000)
 Metaspace       used 10261K, capacity 10998K, committed 11264K, reserved 1058816K
  class space    used 1291K, capacity 1476K, committed 1536K, reserved 1048576K
}
Event: 1.396 GC heap before
{Heap before GC invocations=2 (full 0):
 PSYoungGen      total 38400K, used 38280K [0x00000000d5f80000, 0x00000000d8a00000, 0x0000000100000000)
  eden space 33280K, 100% used [0x00000000d5f80000,0x00000000d8000000,0x00000000d8000000)
  from space 5120K, 97% used [0x00000000d8000000,0x00000000d84e21a0,0x00000000d8500000)
  to   space 5120K, 0% used [0x00000000d8500000,0x00000000d8500000,0x00000000d8a00000)
 ParOldGen       total 87552K, used 16K [0x0000000081e00000, 0x0000000087380000, 0x00000000d5f80000)
  object space 87552K, 0% used [0x0000000081e00000,0x0000000081e04000,0x0000000087380000)
 Metaspace       used 14214K, capacity 15182K, committed 15360K, reserved 1062912K
  class space    used 1801K, capacity 2008K, committed 2048K, reserved 1048576K
Event: 1.402 GC heap after
Heap after GC invocations=2 (full 0):
 PSYoungGen      total 38400K, used 5113K [0x00000000d5f80000, 0x00000000d8a00000, 0x0000000100000000)
  eden space 33280K, 0% used [0x00000000d5f80000,0x00000000d5f80000,0x00000000d8000000)
  from space 5120K, 99% used [0x00000000d8500000,0x00000000d89fe498,0x00000000d8a00000)
  to   space 5120K, 0% used [0x00000000d8000000,0x00000000d8000000,0x00000000d8500000)
 ParOldGen       total 87552K, used 896K [0x0000000081e00000, 0x0000000087380000, 0x00000000d5f80000)
  object space 87552K, 1% used [0x0000000081e00000,0x0000000081ee03f0,0x0000000087380000)
 Metaspace       used 14214K, capacity 15182K, committed 15360K, reserved 1062912K
  class space    used 1801K, capacity 2008K, committed 2048K, reserved 1048576K
}
Event: 1.759 GC heap before
{Heap before GC invocations=3 (full 0):
 PSYoungGen      total 38400K, used 38393K [0x00000000d5f80000, 0x00000000d8a00000, 0x0000000100000000)
  eden space 33280K, 100% used [0x00000000d5f80000,0x00000000d8000000,0x00000000d8000000)
  from space 5120K, 99% used [0x00000000d8500000,0x00000000d89fe498,0x00000000d8a00000)
  to   space 5120K, 0% used [0x00000000d8000000,0x00000000d8000000,0x00000000d8500000)
 ParOldGen       total 87552K, used 896K [0x0000000081e00000, 0x0000000087380000, 0x00000000d5f80000)
  object space 87552K, 1% used [0x0000000081e00000,0x0000000081ee03f0,0x0000000087380000)
 Metaspace       used 17829K, capacity 18942K, committed 19072K, reserved 1064960K
  class space    used 2377K, capacity 2614K, committed 2688K, reserved 1048576K
Event: 1.766 GC heap after
Heap after GC invocations=3 (full 0):
 PSYoungGen      total 38400K, used 5093K [0x00000000d5f80000, 0x00000000daa80000, 0x0000000100000000)
  eden space 33280K, 0% used [0x00000000d5f80000,0x00000000d5f80000,0x00000000d8000000)
  from space 5120K, 99% used [0x00000000d8000000,0x00000000d84f94e0,0x00000000d8500000)
  to   space 5120K, 0% used [0x00000000da580000,0x00000000da580000,0x00000000daa80000)
 ParOldGen       total 87552K, used 2797K [0x0000000081e00000, 0x0000000087380000, 0x00000000d5f80000)
  object space 87552K, 3% used [0x0000000081e00000,0x00000000820bb448,0x0000000087380000)
 Metaspace       used 17829K, capacity 18942K, committed 19072K, reserved 1064960K
  class space    used 2377K, capacity 2614K, committed 2688K, reserved 1048576K
}
Event: 1.958 GC heap before
{Heap before GC invocations=4 (full 0):
 PSYoungGen      total 38400K, used 28388K [0x00000000d5f80000, 0x00000000daa80000, 0x0000000100000000)
  eden space 33280K, 69% used [0x00000000d5f80000,0x00000000d763fda8,0x00000000d8000000)
  from space 5120K, 99% used [0x00000000d8000000,0x00000000d84f94e0,0x00000000d8500000)
  to   space 5120K, 0% used [0x00000000da580000,0x00000000da580000,0x00000000daa80000)
 ParOldGen       total 87552K, used 2797K [0x0000000081e00000, 0x0000000087380000, 0x00000000d5f80000)
  object space 87552K, 3% used [0x0000000081e00000,0x00000000820bb448,0x0000000087380000)
 Metaspace       used 19880K, capacity 21086K, committed 21248K, reserved 1067008K
  class space    used 2701K, capacity 2972K, committed 3072K, reserved 1048576K
Event: 1.965 GC heap after
Heap after GC invocations=4 (full 0):
 PSYoungGen      total 71680K, used 5088K [0x00000000d5f80000, 0x00000000daa80000, 0x0000000100000000)
  eden space 66560K, 0% used [0x00000000d5f80000,0x00000000d5f80000,0x00000000da080000)
  from space 5120K, 99% used [0x00000000da580000,0x00000000daa78040,0x00000000daa80000)
  to   space 5120K, 0% used [0x00000000da080000,0x00000000da080000,0x00000000da580000)
 ParOldGen       total 87552K, used 4478K [0x0000000081e00000, 0x0000000087380000, 0x00000000d5f80000)
  object space 87552K, 5% used [0x0000000081e00000,0x000000008225fa08,0x0000000087380000)
 Metaspace       used 19880K, capacity 21086K, committed 21248K, reserved 1067008K
  class space    used 2701K, capacity 2972K, committed 3072K, reserved 1048576K
}
Event: 1.965 GC heap before
{Heap before GC invocations=5 (full 1):
 PSYoungGen      total 71680K, used 5088K [0x00000000d5f80000, 0x00000000daa80000, 0x0000000100000000)
  eden space 66560K, 0% used [0x00000000d5f80000,0x00000000d5f80000,0x00000000da080000)
  from space 5120K, 99% used [0x00000000da580000,0x00000000daa78040,0x00000000daa80000)
  to   space 5120K, 0% used [0x00000000da080000,0x00000000da080000,0x00000000da580000)
 ParOldGen       total 87552K, used 4478K [0x0000000081e00000, 0x0000000087380000, 0x00000000d5f80000)
  object space 87552K, 5% used [0x0000000081e00000,0x000000008225fa08,0x0000000087380000)
 Metaspace       used 19880K, capacity 21086K, committed 21248K, reserved 1067008K
  class space    used 2701K, capacity 2972K, committed 3072K, reserved 1048576K
Event: 1.990 GC heap after
Heap after GC invocations=5 (full 1):
 PSYoungGen      total 71680K, used 0K [0x00000000d5f80000, 0x00000000daa80000, 0x0000000100000000)
  eden space 66560K, 0% used [0x00000000d5f80000,0x00000000d5f80000,0x00000000da080000)
  from space 5120K, 0% used [0x00000000da580000,0x00000000da580000,0x00000000daa80000)
  to   space 5120K, 0% used [0x00000000da080000,0x00000000da080000,0x00000000da580000)
 ParOldGen       total 56320K, used 6515K [0x0000000081e00000, 0x0000000085500000, 0x00000000d5f80000)
  object space 56320K, 11% used [0x0000000081e00000,0x000000008245cd80,0x0000000085500000)
 Metaspace       used 19880K, capacity 21086K, committed 21248K, reserved 1067008K
  class space    used 2701K, capacity 2972K, committed 3072K, reserved 1048576K
}

Deoptimization events (10 events):
Event: 1.795 Thread 0x0000000002642800 Uncommon trap: reason=class_check action=maybe_recompile pc=0x0000000002c28fb4 method=java.util.HashSet.contains(Ljava/lang/Object;)Z @ 5
Event: 1.809 Thread 0x0000000002642800 Uncommon trap: reason=unstable_if action=reinterpret pc=0x00000000029e0f7c method=java.util.HashMap.hash(Ljava/lang/Object;)I @ 1
Event: 1.810 Thread 0x0000000002642800 Uncommon trap: reason=class_check action=maybe_recompile pc=0x0000000002c28fb4 method=java.util.HashSet.contains(Ljava/lang/Object;)Z @ 5
Event: 1.823 Thread 0x0000000002642800 Uncommon trap: reason=class_check action=maybe_recompile pc=0x0000000002c28fb4 method=java.util.HashSet.contains(Ljava/lang/Object;)Z @ 5
Event: 1.929 Thread 0x0000000002642800 Uncommon trap: reason=unstable_if action=reinterpret pc=0x0000000002bbc0e4 method=java.util.concurrent.ConcurrentHashMap.putVal(Ljava/lang/Object;Ljava/lang/Object;Z)Ljava/lang/Object; @ 206
Event: 1.939 Thread 0x0000000019852800 Uncommon trap: reason=bimorphic action=maybe_recompile pc=0x0000000002b9a230 method=java.util.HashMap.putVal(ILjava/lang/Object;Ljava/lang/Object;ZZ)Ljava/lang/Object; @ 203
Event: 1.942 Thread 0x0000000019852800 Uncommon trap: reason=bimorphic action=maybe_recompile pc=0x0000000002b9a230 method=java.util.HashMap.putVal(ILjava/lang/Object;Ljava/lang/Object;ZZ)Ljava/lang/Object; @ 203
Event: 1.944 Thread 0x0000000019852800 Uncommon trap: reason=bimorphic action=maybe_recompile pc=0x0000000002b9a230 method=java.util.HashMap.putVal(ILjava/lang/Object;Ljava/lang/Object;ZZ)Ljava/lang/Object; @ 203
Event: 2.088 Thread 0x0000000002642800 Uncommon trap: reason=unstable_if action=reinterpret pc=0x0000000002c29d34 method=org.springframework.boot.context.properties.source.ConfigurationPropertyName$ElementsParser.updateType(Lorg/springframework/boot/context/properties/source/ConfigurationPrope
Event: 2.249 Thread 0x0000000002642800 Uncommon trap: reason=bimorphic action=maybe_recompile pc=0x0000000002b9a230 method=java.util.HashMap.putVal(ILjava/lang/Object;Ljava/lang/Object;ZZ)Ljava/lang/Object; @ 203

Classes redefined (0 events):
No events

Internal exceptions (10 events):
Event: 2.025 Thread 0x0000000002642800 Exception <a 'java/lang/ClassNotFoundException': org/springframework/core/OrderedCustomizer> (0x00000000d63344e0) thrown at [C:\jenkins\workspace\8-2-build-windows-amd64-cygwin\jdk8u251\737\hotspot\src\share\vm\classfile\systemDictionary.cpp, line 210]
Event: 2.025 Thread 0x0000000002642800 Exception <a 'java/lang/ClassNotFoundException': org/springframework/context/ResourceLoaderAwareCustomizer> (0x00000000d63e60e0) thrown at [C:\jenkins\workspace\8-2-build-windows-amd64-cygwin\jdk8u251\737\hotspot\src\share\vm\classfile\systemDictionary.cp
Event: 2.026 Thread 0x0000000002642800 Exception <a 'java/lang/ClassNotFoundException': org/springframework/beans/factory/AwareCustomizer> (0x00000000d63fb868) thrown at [C:\jenkins\workspace\8-2-build-windows-amd64-cygwin\jdk8u251\737\hotspot\src\share\vm\classfile\systemDictionary.cpp, line 
Event: 2.026 Thread 0x0000000002642800 Exception <a 'java/lang/ClassNotFoundException': org/springframework/beans/factory/BeanClassLoaderAwareCustomizer> (0x00000000d6413ae0) thrown at [C:\jenkins\workspace\8-2-build-windows-amd64-cygwin\jdk8u251\737\hotspot\src\share\vm\classfile\systemDictio
Event: 2.027 Thread 0x0000000002642800 Exception <a 'java/lang/ClassNotFoundException': org/springframework/beans/factory/AwareCustomizer> (0x00000000d64292f8) thrown at [C:\jenkins\workspace\8-2-build-windows-amd64-cygwin\jdk8u251\737\hotspot\src\share\vm\classfile\systemDictionary.cpp, line 
Event: 2.027 Thread 0x0000000002642800 Exception <a 'java/lang/ClassNotFoundException': org/springframework/context/EnvironmentAwareCustomizer> (0x00000000d643ec80) thrown at [C:\jenkins\workspace\8-2-build-windows-amd64-cygwin\jdk8u251\737\hotspot\src\share\vm\classfile\systemDictionary.cpp, 
Event: 2.028 Thread 0x0000000002642800 Exception <a 'java/lang/ClassNotFoundException': org/springframework/beans/factory/AwareCustomizer> (0x00000000d6454378) thrown at [C:\jenkins\workspace\8-2-build-windows-amd64-cygwin\jdk8u251\737\hotspot\src\share\vm\classfile\systemDictionary.cpp, line 
Event: 2.171 Thread 0x0000000002642800 Exception <a 'java/lang/IncompatibleClassChangeError': Found class java.lang.Object, but interface was expected> (0x00000000d75c1c78) thrown at [C:\jenkins\workspace\8-2-build-windows-amd64-cygwin\jdk8u251\737\hotspot\src\share\vm\interpreter\linkResolver
Event: 2.205 Thread 0x0000000002642800 Exception <a 'java/lang/NoSuchMethodError': java.lang.Object.lambda$getAllAnnotationAttributes$0(Lorg/springframework/util/MultiValueMap;)Lorg/springframework/util/MultiValueMap;> (0x00000000d790c878) thrown at [C:\jenkins\workspace\8-2-build-windows-amd6
Event: 2.206 Thread 0x0000000002642800 Exception <a 'java/lang/NoSuchMethodError': java.lang.Object.lambda$identity$2(Ljava/lang/Object;)Ljava/lang/Object;> (0x00000000d79102f8) thrown at [C:\jenkins\workspace\8-2-build-windows-amd64-cygwin\jdk8u251\737\hotspot\src\share\vm\interpreter\linkRes

Events (10 events):
Event: 2.333 loading class org/springframework/boot/autoconfigure/web/ResourceProperties$Chain
Event: 2.333 loading class org/springframework/boot/autoconfigure/web/ResourceProperties$Chain done
Event: 2.334 loading class com/fasterxml/jackson/datatype/jsr310/deser/JSR310DateTimeDeserializerBase
Event: 2.334 loading class com/fasterxml/jackson/datatype/jsr310/deser/JSR310DateTimeDeserializerBase done
Event: 2.334 loading class org/webjars/WebJarAssetLocator
Event: 2.334 loading class org/webjars/WebJarAssetLocator done
Event: 2.335 loading class org/webjars$WebJarAssetLocator
Event: 2.335 loading class org/webjars$WebJarAssetLocator done
Event: 2.335 loading class com/fasterxml/jackson/datatype/jsr310/deser/JSR310DeserializerBase
Event: 2.335 loading class com/fasterxml/jackson/datatype/jsr310/deser/JSR310DeserializerBase done


Dynamic libraries:
0x00007ff63cc80000 - 0x00007ff63ccb7000 	C:\Program Files\Java\jdk1.8.0_251\jre\bin\java.exe
0x00007ffca53f0000 - 0x00007ffca55d1000 	C:\WINDOWS\SYSTEM32\ntdll.dll
0x00007ffc89620000 - 0x00007ffc89633000 	C:\Program Files\AVAST Software\Avast\aswhook.dll
0x00007ffca4590000 - 0x00007ffca4641000 	C:\WINDOWS\System32\KERNEL32.DLL
0x00007ffca1850000 - 0x00007ffca1ac3000 	C:\WINDOWS\System32\KERNELBASE.dll
0x00007ffca2870000 - 0x00007ffca2911000 	C:\WINDOWS\System32\ADVAPI32.dll
0x00007ffca5200000 - 0x00007ffca529e000 	C:\WINDOWS\System32\msvcrt.dll
0x00007ffca5320000 - 0x00007ffca537b000 	C:\WINDOWS\System32\sechost.dll
0x00007ffca43b0000 - 0x00007ffca44d4000 	C:\WINDOWS\System32\RPCRT4.dll
0x00007ffca4220000 - 0x00007ffca43b0000 	C:\WINDOWS\System32\USER32.dll
0x00007ffca1830000 - 0x00007ffca1850000 	C:\WINDOWS\System32\win32u.dll
0x00007ffca41f0000 - 0x00007ffca4218000 	C:\WINDOWS\System32\GDI32.dll
0x00007ffca1d10000 - 0x00007ffca1ea1000 	C:\WINDOWS\System32\gdi32full.dll
0x00007ffca27d0000 - 0x00007ffca286f000 	C:\WINDOWS\System32\msvcp_win.dll
0x00007ffca1f10000 - 0x00007ffca2008000 	C:\WINDOWS\System32\ucrtbase.dll
0x00007ffc92ff0000 - 0x00007ffc93259000 	C:\WINDOWS\WinSxS\amd64_microsoft.windows.common-controls_6595b64144ccf1df_6.0.17134.1425_none_d3fdcfc37c922690\COMCTL32.dll
0x00007ffca3d70000 - 0x00007ffca4091000 	C:\WINDOWS\System32\combase.dll
0x00007ffca17b0000 - 0x00007ffca1829000 	C:\WINDOWS\System32\bcryptPrimitives.dll
0x00007ffca5380000 - 0x00007ffca53ad000 	C:\WINDOWS\System32\IMM32.DLL
0x0000000066580000 - 0x0000000066652000 	C:\Program Files\Java\jdk1.8.0_251\jre\bin\msvcr100.dll
0x0000000065cd0000 - 0x000000006657b000 	C:\Program Files\Java\jdk1.8.0_251\jre\bin\server\jvm.dll
0x00007ffca53b0000 - 0x00007ffca53b8000 	C:\WINDOWS\System32\PSAPI.DLL
0x00007ffc901e0000 - 0x00007ffc901e9000 	C:\WINDOWS\SYSTEM32\WSOCK32.dll
0x00007ffca4940000 - 0x00007ffca49ac000 	C:\WINDOWS\System32\WS2_32.dll
0x00007ffc9ccb0000 - 0x00007ffc9ccd3000 	C:\WINDOWS\SYSTEM32\WINMM.dll
0x00007ffc99690000 - 0x00007ffc9969a000 	C:\WINDOWS\SYSTEM32\VERSION.dll
0x00007ffc9cc80000 - 0x00007ffc9ccaa000 	C:\WINDOWS\SYSTEM32\WINMMBASE.dll
0x00007ffca1ad0000 - 0x00007ffca1b19000 	C:\WINDOWS\System32\cfgmgr32.dll
0x00007ffc9d6e0000 - 0x00007ffc9d6ef000 	C:\Program Files\Java\jdk1.8.0_251\jre\bin\verify.dll
0x00007ffc8e120000 - 0x00007ffc8e149000 	C:\Program Files\Java\jdk1.8.0_251\jre\bin\java.dll
0x00007ffc9c960000 - 0x00007ffc9c976000 	C:\Program Files\Java\jdk1.8.0_251\jre\bin\zip.dll
0x00007ffca2920000 - 0x00007ffca3d65000 	C:\WINDOWS\System32\SHELL32.dll
0x00007ffca44e0000 - 0x00007ffca4589000 	C:\WINDOWS\System32\shcore.dll
0x00007ffca2010000 - 0x00007ffca2720000 	C:\WINDOWS\System32\windows.storage.dll
0x00007ffca52c0000 - 0x00007ffca5311000 	C:\WINDOWS\System32\shlwapi.dll
0x00007ffca1770000 - 0x00007ffca1781000 	C:\WINDOWS\System32\kernel.appcore.dll
0x00007ffca1790000 - 0x00007ffca17af000 	C:\WINDOWS\System32\profapi.dll
0x00007ffca1700000 - 0x00007ffca174c000 	C:\WINDOWS\System32\powrprof.dll
0x00007ffca16f0000 - 0x00007ffca16fa000 	C:\WINDOWS\System32\FLTLIB.DLL
0x00007ffc8bc90000 - 0x00007ffc8bc9d000 	C:\Program Files\Java\jdk1.8.0_251\jre\bin\management.dll
0x00007ffc9c880000 - 0x00007ffc9c89a000 	C:\Program Files\Java\jdk1.8.0_251\jre\bin\net.dll
0x00007ffca0f70000 - 0x00007ffca0fd6000 	C:\WINDOWS\system32\mswsock.dll
0x00007ffc9b610000 - 0x00007ffc9b622000 	C:\Program Files\Java\jdk1.8.0_251\jre\bin\nio.dll
0x00007ffc81370000 - 0x00007ffc81386000 	C:\WINDOWS\system32\napinsp.dll
0x00007ffc81350000 - 0x00007ffc8136a000 	C:\WINDOWS\system32\pnrpnsp.dll
0x00007ffc9d560000 - 0x00007ffc9d579000 	C:\WINDOWS\system32\NLAapi.dll
0x00007ffca0d00000 - 0x00007ffca0dbe000 	C:\WINDOWS\SYSTEM32\DNSAPI.dll
0x00007ffca4ba0000 - 0x00007ffca4ba8000 	C:\WINDOWS\System32\NSI.dll
0x00007ffca0cc0000 - 0x00007ffca0cf8000 	C:\WINDOWS\SYSTEM32\IPHLPAPI.DLL
0x00007ffc83c10000 - 0x00007ffc83c1e000 	C:\WINDOWS\System32\winrnr.dll
0x00007ffc9a8a0000 - 0x00007ffc9a8b5000 	C:\WINDOWS\System32\wshbth.dll
0x00007ffc94380000 - 0x00007ffc9438a000 	C:\Windows\System32\rasadhlp.dll
0x00007ffc98860000 - 0x00007ffc988d2000 	C:\WINDOWS\System32\fwpuclnt.dll
0x00007ffca1250000 - 0x00007ffca1275000 	C:\WINDOWS\SYSTEM32\bcrypt.dll

VM Arguments:
java_command: C:\Users\Lilach\AppData\Local\Temp\surefire1483018740988356240\surefirebooter6381912736869992595.jar C:\Users\Lilach\AppData\Local\Temp\surefire1483018740988356240 2020-04-25T06-12-13_909-jvmRun1 surefire7908333466133482023tmp surefire_07159069627653671463tmp
java_class_path (initial): C:\Users\Lilach\AppData\Local\Temp\surefire1483018740988356240\surefirebooter6381912736869992595.jar
Launcher Type: SUN_STANDARD

Environment Variables:
JAVA_HOME=C:\Program Files\Java\jdk-14.0.1
PATH=C:/Program Files/Java/jdk-13.0.2/bin/server;C:/Program Files/Java/jdk-13.0.2/bin;C:\Program Files (x86)\Common Files\Oracle\Java\javapath;C:\WINDOWS\system32;C:\WINDOWS;C:\WINDOWS\System32\Wbem;C:\WINDOWS\System32\WindowsPowerShell\v1.0\;C:\Program Files\Intel\WiFi\bin\;C:\Program Files\Common Files\Intel\WirelessCommon\;C:\WINDOWS\System32\OpenSSH\;C:\Program Files\Mu\bin;C:\Program Files\Git\cmd;C:\Program Files\nodejs\;C:\Program Files\Kubernetes\Minikube;C:\Program Files\Docker\Docker\resources\bin;C:\ProgramData\DockerDesktop\version-bin;C:\Program Files\Kubernetes\Minikube;C:\ProgramData\chocolatey\bin;C:\Users\Lilach\bin;C:\Program Files\Java\jdk1.8.0_251\bin;C:\apache-maven-3.6.3\bin;C:\Users\Lilach\AppData\Local\Programs\Python\Python38-32\Scripts\;C:\Users\Lilach\AppData\Local\Programs\Python\Python38-32\;C:\Users\Lilach\AppData\Local\Mu\bin;C:\Users\Lilach\AppData\Local\Microsoft\WindowsApps;C:\Program Files\Docker Toolbox;C:\Program Files\Docker Toolbox;C:\Users\Lilach\AppData\Roaming\npm;C:\Users\Lilach\bin;C:\Program Files\Java\jdk1.8.0_251\bin;C:\apache-maven-3.6.3\bin;;C:\Users\Lilach\Desktop;
USERNAME=Lilach
OS=Windows_NT
PROCESSOR_IDENTIFIER=Intel64 Family 6 Model 142 Stepping 10, GenuineIntel



---------------  S Y S T E M  ---------------

OS: Windows 10.0 , 64 bit Build 17134 (10.0.17134.1425)

CPU:total 8 (initial active 8) (4 cores per cpu, 2 threads per core) family 6 model 142 stepping 10, cmov, cx8, fxsr, mmx, sse, sse2, sse3, ssse3, sse4.1, sse4.2, popcnt, avx, avx2, aes, clmul, erms, 3dnowpref, lzcnt, ht, tsc, tscinvbit, bmi1, bmi2, adx

Memory: 4k page, physical 8264668k(669496k free), swap 23823448k(5892k free)

vm_info: Java HotSpot(TM) 64-Bit Server VM (25.251-b08) for windows-amd64 JRE (1.8.0_251-b08), built on Mar 12 2020 06:31:49 by "" with MS VC++ 10.0 (VS2010)

time: Sat Apr 25 06:12:16 2020
timezone: Jerusalem Daylight Time
elapsed time: 2 seconds (0d 0h 0m 2s)

